<?xml version="1.0" encoding="UTF-8"?>
<testng-results skipped="0" failed="0" ignored="0" total="8" passed="8">
  <reporter-output>
  </reporter-output>
  <suite name="Default suite" duration-ms="31114" started-at="2019-05-22T13:15:20Z" finished-at="2019-05-22T13:15:51Z">
    <groups>
    </groups>
    <test name="Default test" duration-ms="31114" started-at="2019-05-22T13:15:20Z" finished-at="2019-05-22T13:15:51Z">
      <class name="com.ng1.KeywordDemo">
        <test-method status="PASS" signature="test(java.lang.String, java.lang.String)[pri:0, instance:com.ng1.KeywordDemo@5e5792a0]" name="test" duration-ms="4041" started-at="2019-05-22T13:15:22Z" data-provider="keywordexample" finished-at="2019-05-22T13:15:26Z">
          <params>
            <param index="0">
              <value>
                <![CDATA[open]]>
              </value>
            </param>
            <param index="1">
              <value>
                <![CDATA[null]]>
              </value>
            </param>
          </params>
          <reporter-output>
          </reporter-output>
        </test-method> <!-- test -->
        <test-method status="PASS" signature="test(java.lang.String, java.lang.String)[pri:0, instance:com.ng1.KeywordDemo@5e5792a0]" name="test" duration-ms="8166" started-at="2019-05-22T13:15:26Z" data-provider="keywordexample" finished-at="2019-05-22T13:15:34Z">
          <params>
            <param index="0">
              <value>
                <![CDATA[loadurl]]>
              </value>
            </param>
            <param index="1">
              <value>
                <![CDATA[http://automationpractice.com/index.php]]>
              </value>
            </param>
          </params>
          <reporter-output>
          </reporter-output>
        </test-method> <!-- test -->
        <test-method status="PASS" signature="test(java.lang.String, java.lang.String)[pri:0, instance:com.ng1.KeywordDemo@5e5792a0]" name="test" duration-ms="4127" started-at="2019-05-22T13:15:34Z" data-provider="keywordexample" finished-at="2019-05-22T13:15:38Z">
          <params>
            <param index="0">
              <value>
                <![CDATA[signin]]>
              </value>
            </param>
            <param index="1">
              <value>
                <![CDATA[null]]>
              </value>
            </param>
          </params>
          <reporter-output>
          </reporter-output>
        </test-method> <!-- test -->
        <test-method status="PASS" signature="test(java.lang.String, java.lang.String)[pri:0, instance:com.ng1.KeywordDemo@5e5792a0]" name="test" duration-ms="563" started-at="2019-05-22T13:15:38Z" data-provider="keywordexample" finished-at="2019-05-22T13:15:39Z">
          <params>
            <param index="0">
              <value>
                <![CDATA[enteremail]]>
              </value>
            </param>
            <param index="1">
              <value>
                <![CDATA[rahul.sanghavi.mca@gmail.com]]>
              </value>
            </param>
          </params>
          <reporter-output>
          </reporter-output>
        </test-method> <!-- test -->
        <test-method status="PASS" signature="test(java.lang.String, java.lang.String)[pri:0, instance:com.ng1.KeywordDemo@5e5792a0]" name="test" duration-ms="325" started-at="2019-05-22T13:15:39Z" data-provider="keywordexample" finished-at="2019-05-22T13:15:39Z">
          <params>
            <param index="0">
              <value>
                <![CDATA[enterpassword]]>
              </value>
            </param>
            <param index="1">
              <value>
                <![CDATA[rahul12345]]>
              </value>
            </param>
          </params>
          <reporter-output>
          </reporter-output>
        </test-method> <!-- test -->
        <test-method status="PASS" signature="test(java.lang.String, java.lang.String)[pri:0, instance:com.ng1.KeywordDemo@5e5792a0]" name="test" duration-ms="4969" started-at="2019-05-22T13:15:39Z" data-provider="keywordexample" finished-at="2019-05-22T13:15:44Z">
          <params>
            <param index="0">
              <value>
                <![CDATA[clicklogin]]>
              </value>
            </param>
            <param index="1">
              <value>
                <![CDATA[null]]>
              </value>
            </param>
          </params>
          <reporter-output>
          </reporter-output>
        </test-method> <!-- test -->
        <test-method status="PASS" signature="test(java.lang.String, java.lang.String)[pri:0, instance:com.ng1.KeywordDemo@5e5792a0]" name="test" duration-ms="4761" started-at="2019-05-22T13:15:44Z" data-provider="keywordexample" finished-at="2019-05-22T13:15:49Z">
          <params>
            <param index="0">
              <value>
                <![CDATA[clicklogout]]>
              </value>
            </param>
            <param index="1">
              <value>
                <![CDATA[null]]>
              </value>
            </param>
          </params>
          <reporter-output>
          </reporter-output>
        </test-method> <!-- test -->
        <test-method status="PASS" signature="test(java.lang.String, java.lang.String)[pri:0, instance:com.ng1.KeywordDemo@5e5792a0]" name="test" duration-ms="2226" started-at="2019-05-22T13:15:49Z" data-provider="keywordexample" finished-at="2019-05-22T13:15:51Z">
          <params>
            <param index="0">
              <value>
                <![CDATA[closebrowser]]>
              </value>
            </param>
            <param index="1">
              <value>
                <![CDATA[null]]>
              </value>
            </param>
          </params>
          <reporter-output>
          </reporter-output>
        </test-method> <!-- test -->
      </class> <!-- com.ng1.KeywordDemo -->
    </test> <!-- Default test -->
  </suite> <!-- Default suite -->
</testng-results>
